Arguments: 
  /Users/yanning/.nvm/versions/node/v12.2.0/bin/node /usr/local/bin/yarn add fixed-data-table-2

PATH: 
  /Users/yanning/.nvm/versions/node/v12.2.0/bin:/usr/local/bin:/usr/bin:/bin:/usr/sbin:/sbin:/Applications/VMware Fusion.app/Contents/Public

Yarn version: 
  0.24.4

Node version: 
  12.2.0

Platform: 
  darwin x64

npm manifest: 
  {
    "name": "webpack-config-exercise",
    "version": "1.0.0",
    "description": "",
    "main": "index.js",
    "scripts": {
      "test": "echo \"Error: no test specified\" && exit 1",
      "watch": "webpack --config ./webpack.config.many.js --watch",
      "dev": "webpack-dev-server --config ./webpack.config.many.js --open",
      "build": "webpack --config ./webpack.config.prod.many.js"
    },
    "keywords": [],
    "author": "",
    "license": "ISC",
    "devDependencies": {
      "@babel/core": "^7.5.5",
      "@babel/preset-env": "^7.5.5",
      "@babel/preset-react": "^7.0.0",
      "autoprefixer": "^9.6.1",
      "babel-loader": "^8.0.6",
      "clean-webpack-plugin": "^3.0.0",
      "css-loader": "^3.1.0",
      "cssnano": "^4.1.10",
      "file-loader": "^4.1.0",
      "glob": "^7.1.4",
      "html-webpack-externals-plugin": "^3.8.0",
      "html-webpack-plugin": "^3.2.0",
      "mini-css-extract-plugin": "^0.8.0",
      "optimize-css-assets-webpack-plugin": "^5.0.3",
      "postcss-loader": "^3.0.0",
      "px2rem-loader": "^0.1.9",
      "raw-loader": "^0.5.1",
      "react": "^16.8.6",
      "react-dom": "^16.8.6",
      "style-loader": "^0.23.1",
      "stylus": "^0.54.5",
      "stylus-loader": "^3.0.2",
      "url-loader": "^2.1.0",
      "webpack": "^4.36.1",
      "webpack-cli": "^3.3.6",
      "webpack-dev-server": "^3.7.2"
    },
    "dependencies": {
      "lib-flexible": "^0.3.2"
    }
  }

yarn manifest: 
  No manifest

Lockfile: 
  No lockfile

Trace: 
  Error: https://registry.yarnpkg.com/lib-flexible: ETIMEDOUT
      at Timeout._onTimeout (/usr/local/lib/node_modules/yarn/node_modules/request/request.js:852:19)
      at listOnTimeout (internal/timers.js:531:17)
      at processTimers (internal/timers.js:475:7)
